<?xml version="1.0" encoding="UTF-8"?>
<testng-results ignored="0" total="6" passed="6" failed="0" skipped="0">
  <reporter-output>
  </reporter-output>
  <suite started-at="2025-11-18T11:21:28 IST" name="Default suite" finished-at="2025-11-18T11:21:31 IST" duration-ms="2947">
    <groups>
    </groups>
    <test started-at="2025-11-18T11:21:28 IST" name="Default test" finished-at="2025-11-18T11:21:31 IST" duration-ms="2947">
      <class name="files.DynamicJson">
        <test-method signature="addBook(java.lang.String,java.lang.String)[pri:0, instance:files.DynamicJson@4f83df68]" started-at="2025-11-18T11:21:28 IST" name="addBook" data-provider="BooksData" finished-at="2025-11-18T11:21:30 IST" duration-ms="1837" status="PASS">
          <params>
            <param index="0">
              <value>
                <![CDATA[ojfwty]]>
              </value>
            </param>
            <param index="1">
              <value>
                <![CDATA[9363]]>
              </value>
            </param>
          </params>
          <reporter-output>
          </reporter-output>
        </test-method> <!-- addBook -->
        <test-method signature="addBook(java.lang.String,java.lang.String)[pri:0, instance:files.DynamicJson@4f83df68]" started-at="2025-11-18T11:21:30 IST" name="addBook" data-provider="BooksData" finished-at="2025-11-18T11:21:30 IST" duration-ms="172" status="PASS">
          <params>
            <param index="0">
              <value>
                <![CDATA[cwetee]]>
              </value>
            </param>
            <param index="1">
              <value>
                <![CDATA[4253]]>
              </value>
            </param>
          </params>
          <reporter-output>
          </reporter-output>
        </test-method> <!-- addBook -->
        <test-method signature="addBook(java.lang.String,java.lang.String)[pri:0, instance:files.DynamicJson@4f83df68]" started-at="2025-11-18T11:21:30 IST" name="addBook" data-provider="BooksData" finished-at="2025-11-18T11:21:31 IST" duration-ms="151" status="PASS">
          <params>
            <param index="0">
              <value>
                <![CDATA[cwetee]]>
              </value>
            </param>
            <param index="1">
              <value>
                <![CDATA[533]]>
              </value>
            </param>
          </params>
          <reporter-output>
          </reporter-output>
        </test-method> <!-- addBook -->
        <test-method signature="deleteBook(java.lang.String)[pri:0, instance:files.DynamicJson@4f83df68]" started-at="2025-11-18T11:21:31 IST" name="deleteBook" data-provider="DeleteData" finished-at="2025-11-18T11:21:31 IST" duration-ms="423" status="PASS">
          <params>
            <param index="0">
              <value>
                <![CDATA[ojfwty9363]]>
              </value>
            </param>
          </params>
          <reporter-output>
          </reporter-output>
        </test-method> <!-- deleteBook -->
        <test-method signature="deleteBook(java.lang.String)[pri:0, instance:files.DynamicJson@4f83df68]" started-at="2025-11-18T11:21:31 IST" name="deleteBook" data-provider="DeleteData" finished-at="2025-11-18T11:21:31 IST" duration-ms="137" status="PASS">
          <params>
            <param index="0">
              <value>
                <![CDATA[cwetee4253]]>
              </value>
            </param>
          </params>
          <reporter-output>
          </reporter-output>
        </test-method> <!-- deleteBook -->
        <test-method signature="deleteBook(java.lang.String)[pri:0, instance:files.DynamicJson@4f83df68]" started-at="2025-11-18T11:21:31 IST" name="deleteBook" data-provider="DeleteData" finished-at="2025-11-18T11:21:31 IST" duration-ms="160" status="PASS">
          <params>
            <param index="0">
              <value>
                <![CDATA[okmfet533]]>
              </value>
            </param>
          </params>
          <reporter-output>
          </reporter-output>
        </test-method> <!-- deleteBook -->
      </class> <!-- files.DynamicJson -->
    </test> <!-- Default test -->
  </suite> <!-- Default suite -->
</testng-results>
