<?xml version="1.0" encoding="UTF-8"?>
<!-- Generated by org.testng.reporters.JUnitReportReporter -->
<testsuite hostname="LAPTOP-G20RJODP" failures="0" tests="6" name="files.DynamicJson" time="2.880" errors="0" timestamp="2025-11-18T11:21:31 IST" skipped="0">
  <testcase classname="files.DynamicJson" name="deleteBook" time="0.423"/>
  <testcase classname="files.DynamicJson" name="deleteBook" time="0.160"/>
  <testcase classname="files.DynamicJson" name="addBook" time="0.172"/>
  <testcase classname="files.DynamicJson" name="addBook" time="0.151"/>
  <testcase classname="files.DynamicJson" name="addBook" time="1.837"/>
  <testcase classname="files.DynamicJson" name="deleteBook" time="0.137"/>
</testsuite> <!-- files.DynamicJson -->
